<?xml version="1.0" encoding="UTF-8"?>
<!-- Generated by org.testng.reporters.JUnitReportReporter -->
<testsuite skipped="0" hostname="SVINDK00003" name="com.google.qa.testcases.GoogleFormPageTest" tests="2" failures="0" timestamp="13 Dec 2018 13:13:05 GMT" time="17.434" errors="0">
  <testcase name="createGoogleFormTest" time="8.121" classname="com.google.qa.testcases.GoogleFormPageTest"/>
  <testcase name="createGoogleFormTest" time="9.313" classname="com.google.qa.testcases.GoogleFormPageTest"/>
</testsuite> <!-- com.google.qa.testcases.GoogleFormPageTest -->
