<?xml version="1.0" encoding="UTF-8"?>
<!-- Generated by org.testng.reporters.JUnitReportReporter -->
<testsuite skipped="0" hostname="SVINDK00003" name="com.google.qa.testcases.LoginPageTest" tests="1" failures="0" timestamp="13 Dec 2018 07:29:57 GMT" time="23.631" errors="0">
  <testcase name="loginTest" time="23.631" classname="com.google.qa.testcases.LoginPageTest"/>
</testsuite> <!-- com.google.qa.testcases.LoginPageTest -->
